<?xml version="1.0" encoding="UTF-8"?>
<!-- Generated by org.testng.reporters.JUnitReportReporter -->
<testsuite hostname="LAPTOP-VVQO476E" failures="0" tests="2" name="DataProvider.AdminLoginTest" time="4.033" errors="0" timestamp="2024-04-08T09:58:44 IST" skipped="0">
  <testcase classname="DataProvider.AdminLoginTest" name="login" time="2.248"/>
  <system-out/>
  <testcase classname="DataProvider.AdminLoginTest" name="login" time="1.785"/>
  <system-out/>
</testsuite> <!-- DataProvider.AdminLoginTest -->
