<?xml version="1.0" encoding="UTF-8"?>
<!-- Generated by org.testng.reporters.JUnitReportReporter -->
<testsuite hostname="LAPTOP-VVQO476E" failures="0" tests="6" name="practice.DataProviderTest" time="0.013" errors="0" timestamp="2024-04-05T18:56:38 IST" skipped="0">
  <testcase classname="practice.DataProviderTest" name="readData" time="0.001"/>
  <system-out/>
  <testcase classname="practice.DataProviderTest" name="readData" time="0.001"/>
  <system-out/>
  <testcase classname="practice.DataProviderTest" name="getData" time="0.008"/>
  <system-out/>
  <testcase classname="practice.DataProviderTest" name="readData" time="0.001"/>
  <system-out/>
  <testcase classname="practice.DataProviderTest" name="getData" time="0.001"/>
  <system-out/>
  <testcase classname="practice.DataProviderTest" name="getData" time="0.001"/>
  <system-out/>
</testsuite> <!-- practice.DataProviderTest -->
